Flow report for sincos
Sat Aug 23 15:27:50 2025
Quartus Prime Version 20.1.1 Build 720 11/11/2020 SJ Lite Edition


---------------------
; Table of Contents ;
---------------------
  1. Legal Notice
  2. Flow Summary
  3. Flow Settings
  4. Flow Non-Default Global Settings
  5. Flow Elapsed Time
  6. Flow OS Summary
  7. Flow Log
  8. Flow Messages
  9. Flow Suppressed Messages



----------------
; Legal Notice ;
----------------
Copyright (C) 2020  Intel Corporation. All rights reserved.
Your use of Intel Corporation's design tools, logic functions 
and other software and tools, and any partner logic 
functions, and any output files from any of the foregoing 
(including device programming or simulation files), and any 
associated documentation or information are expressly subject 
to the terms and conditions of the Intel Program License 
Subscription Agreement, the Intel Quartus Prime License Agreement,
the Intel FPGA IP License Agreement, or other applicable license
agreement, including, without limitation, that your use is for
the sole purpose of programming logic devices manufactured by
Intel and sold by Intel or its authorized distributors.  Please
refer to the applicable agreement for further details, at
https://fpgasoftware.intel.com/eula.



+-------------------------------------------------------------------------------+
; Flow Summary                                                                  ;
+---------------------------------+---------------------------------------------+
; Flow Status                     ; Successful - Sat Aug 23 15:27:49 2025       ;
; Quartus Prime Version           ; 20.1.1 Build 720 11/11/2020 SJ Lite Edition ;
; Revision Name                   ; sincos                                      ;
; Top-level Entity Name           ; sincos                                      ;
; Family                          ; Cyclone V                                   ;
; Device                          ; 5CSEMA5F31C6                                ;
; Timing Models                   ; Final                                       ;
; Logic utilization (in ALMs)     ; N/A                                         ;
; Total registers                 ; 1099                                        ;
; Total pins                      ; 47                                          ;
; Total virtual pins              ; 0                                           ;
; Total block memory bits         ; 0                                           ;
; Total DSP Blocks                ; 0                                           ;
; Total HSSI RX PCSs              ; 0                                           ;
; Total HSSI PMA RX Deserializers ; 0                                           ;
; Total HSSI TX PCSs              ; 0                                           ;
; Total HSSI PMA TX Serializers   ; 0                                           ;
; Total PLLs                      ; 0                                           ;
; Total DLLs                      ; 0                                           ;
+---------------------------------+---------------------------------------------+


+-----------------------------------------+
; Flow Settings                           ;
+-------------------+---------------------+
; Option            ; Setting             ;
+-------------------+---------------------+
; Start date & time ; 08/23/2025 15:27:42 ;
; Main task         ; Compilation         ;
; Revision Name     ; sincos              ;
+-------------------+---------------------+


+------------------------------------------------------------------------------------------------------------------------------------------------------------------+
; Flow Non-Default Global Settings                                                                                                                                 ;
+-------------------------------------+----------------------------------------------------------+---------------+-------------+-----------------------------------+
; Assignment Name                     ; Value                                                    ; Default Value ; Entity Name ; Section Id                        ;
+-------------------------------------+----------------------------------------------------------+---------------+-------------+-----------------------------------+
; COMPILER_SIGNATURE_ID               ; 231273227125823.175595926236316                          ; --            ; --          ; --                                ;
; EDA_GENERATE_FUNCTIONAL_NETLIST     ; Off                                                      ; --            ; --          ; eda_board_design_timing           ;
; EDA_GENERATE_FUNCTIONAL_NETLIST     ; Off                                                      ; --            ; --          ; eda_board_design_boundary_scan    ;
; EDA_GENERATE_FUNCTIONAL_NETLIST     ; Off                                                      ; --            ; --          ; eda_board_design_signal_integrity ;
; EDA_GENERATE_FUNCTIONAL_NETLIST     ; Off                                                      ; --            ; --          ; eda_board_design_symbol           ;
; EDA_OUTPUT_DATA_FORMAT              ; Verilog Hdl                                              ; --            ; --          ; eda_simulation                    ;
; EDA_SIMULATION_TOOL                 ; ModelSim-Altera (Verilog)                                ; <None>        ; --          ; --                                ;
; EDA_TIME_SCALE                      ; 1 ps                                                     ; --            ; --          ; eda_simulation                    ;
; MAX_CORE_JUNCTION_TEMP              ; 85                                                       ; --            ; --          ; --                                ;
; MIN_CORE_JUNCTION_TEMP              ; 0                                                        ; --            ; --          ; --                                ;
; MISC_FILE                           ; cordic/synthesis/../cordic.cmp                           ; --            ; --          ; --                                ;
; MISC_FILE                           ; cordic/synthesis/../../cordic.qsys                       ; --            ; --          ; --                                ;
; PARTITION_COLOR                     ; -- (Not supported for targeted family)                   ; --            ; --          ; Top                               ;
; PARTITION_FITTER_PRESERVATION_LEVEL ; -- (Not supported for targeted family)                   ; --            ; --          ; Top                               ;
; PARTITION_NETLIST_TYPE              ; -- (Not supported for targeted family)                   ; --            ; --          ; Top                               ;
; POWER_BOARD_THERMAL_MODEL           ; None (CONSERVATIVE)                                      ; --            ; --          ; --                                ;
; POWER_PRESET_COOLING_SOLUTION       ; 23 MM HEAT SINK WITH 200 LFPM AIRFLOW                    ; --            ; --          ; --                                ;
; PROJECT_OUTPUT_DIRECTORY            ; output_files                                             ; --            ; --          ; --                                ;
; SLD_FILE                            ; cordic/synthesis/cordic.debuginfo                        ; --            ; --          ; --                                ;
; SLD_INFO                            ; QSYS_NAME cordic HAS_SOPCINFO 1 GENERATION_ID 1755959160 ; --            ; cordic      ; --                                ;
; SOPCINFO_FILE                       ; cordic/synthesis/../../cordic.sopcinfo                   ; --            ; --          ; --                                ;
; SYNTHESIS_ONLY_QIP                  ; On                                                       ; --            ; --          ; --                                ;
+-------------------------------------+----------------------------------------------------------+---------------+-------------+-----------------------------------+


+--------------------------------------------------------------------------------------------------------------------------+
; Flow Elapsed Time                                                                                                        ;
+----------------------+--------------+-------------------------+---------------------+------------------------------------+
; Module Name          ; Elapsed Time ; Average Processors Used ; Peak Virtual Memory ; Total CPU Time (on all processors) ;
+----------------------+--------------+-------------------------+---------------------+------------------------------------+
; Analysis & Synthesis ; 00:00:07     ; 1.0                     ; 4967 MB             ; 00:00:14                           ;
; Total                ; 00:00:07     ; --                      ; --                  ; 00:00:14                           ;
+----------------------+--------------+-------------------------+---------------------+------------------------------------+


+------------------------------------------------------------------------------------+
; Flow OS Summary                                                                    ;
+----------------------+------------------+------------+------------+----------------+
; Module Name          ; Machine Hostname ; OS Name    ; OS Version ; Processor type ;
+----------------------+------------------+------------+------------+----------------+
; Analysis & Synthesis ; DESKTOP-H31SVF4  ; Windows 10 ; 10.0       ; x86_64         ;
+----------------------+------------------+------------+------------+----------------+


------------
; Flow Log ;
------------
quartus_map --read_settings_files=on --write_settings_files=off sincos -c sincos



